# JRE version: OpenJDK Runtime Environment (8.0_212-b03) (build 1.8.0_212-8u212-b03-0ubuntu1.16.04.1-b03)
# Java VM: OpenJDK 64-Bit Server VM (25.212-b03 mixed mode linux-amd64 compressed oops)
Heap:
 def new generation   total 12672K, used 3643K [0x00000000a0000000, 0x00000000a0db0000, 0x00000000c0000000)
  eden space 11328K,  21% used [0x00000000a0000000, 0x00000000a0259220, 0x00000000a0b10000)
  from space 1344K,  92% used [0x00000000a0b10000, 0x00000000a0c45b98, 0x00000000a0c60000)
  to   space 1344K,   0% used [0x00000000a0c60000, 0x00000000a0c60000, 0x00000000a0db0000)
 tenured generation   total 27748K, used 18101K [0x00000000c0000000, 0x00000000c1b19000, 0x0000000100000000)
   the space 27748K,  65% used [0x00000000c0000000, 0x00000000c11ad610, 0x00000000c11ad800, 0x00000000c1b19000)
 Metaspace       used 40952K, capacity 41784K, committed 42200K, reserved 1085440K
  class space    used 5544K, capacity 5780K, committed 5888K, reserved 1048576K
GC Heap History (10 events):
Event: 40,294 GC heap before
{Heap before GC invocations=43 (full 1):
 def new generation   total 9984K, used 2612K [0x00000000a0000000, 0x00000000a0ad0000, 0x00000000c0000000)
  eden space 8896K,  17% used [0x00000000a0000000, 0x00000000a01899d0, 0x00000000a08b0000)
  from space 1088K,  95% used [0x00000000a08b0000, 0x00000000a09b3780, 0x00000000a09c0000)
  to   space 1088K,   0% used [0x00000000a09c0000, 0x00000000a09c0000, 0x00000000a0ad0000)
 tenured generation   total 21888K, used 17737K [0x00000000c0000000, 0x00000000c1560000, 0x0000000100000000)
   the space 21888K,  81% used [0x00000000c0000000, 0x00000000c11525c0, 0x00000000c1152600, 0x00000000c1560000)
 Metaspace       used 34577K, capacity 35234K, committed 35416K, reserved 1079296K
  class space    used 4739K, capacity 4932K, committed 4992K, reserved 1048576K
Event: 40,530 GC heap after
Heap after GC invocations=44 (full 2):
 def new generation   total 12672K, used 0K [0x00000000a0000000, 0x00000000a0db0000, 0x00000000c0000000)
  eden space 11328K,   0% used [0x00000000a0000000, 0x00000000a0000000, 0x00000000a0b10000)
  from space 1344K,   0% used [0x00000000a0b10000, 0x00000000a0b10000, 0x00000000a0c60000)
  to   space 1344K,   0% used [0x00000000a0c60000, 0x00000000a0c60000, 0x00000000a0db0000)
 tenured generation   total 27748K, used 16646K [0x00000000c0000000, 0x00000000c1b19000, 0x0000000100000000)
   the space 27748K,  59% used [0x00000000c0000000, 0x00000000c1041af0, 0x00000000c1041c00, 0x00000000c1b19000)
 Metaspace       used 34577K, capacity 35234K, committed 35416K, reserved 1079296K
  class space    used 4739K, capacity 4932K, committed 4992K, reserved 1048576K
}
Event: 42,487 GC heap before
{Heap before GC invocations=44 (full 2):
 def new generation   total 12672K, used 11328K [0x00000000a0000000, 0x00000000a0db0000, 0x00000000c0000000)
  eden space 11328K, 100% used [0x00000000a0000000, 0x00000000a0b10000, 0x00000000a0b10000)
  from space 1344K,   0% used [0x00000000a0b10000, 0x00000000a0b10000, 0x00000000a0c60000)
  to   space 1344K,   0% used [0x00000000a0c60000, 0x00000000a0c60000, 0x00000000a0db0000)
 tenured generation   total 27748K, used 16646K [0x00000000c0000000, 0x00000000c1b19000, 0x0000000100000000)
   the space 27748K,  59% used [0x00000000c0000000, 0x00000000c1041af0, 0x00000000c1041c00, 0x00000000c1b19000)
 Metaspace       used 36809K, capacity 37590K, committed 37848K, reserved 1081344K
  class space    used 5050K, capacity 5291K, committed 5376K, reserved 1048576K
Event: 42,520 GC heap after
Heap after GC invocations=45 (full 2):
 def new generation   total 12672K, used 1344K [0x00000000a0000000, 0x00000000a0db0000, 0x00000000c0000000)
  eden space 11328K,   0% used [0x00000000a0000000, 0x00000000a0000000, 0x00000000a0b10000)
  from space 1344K, 100% used [0x00000000a0c60000, 0x00000000a0db0000, 0x00000000a0db0000)
  to   space 1344K,   0% used [0x00000000a0b10000, 0x00000000a0b10000, 0x00000000a0c60000)
 tenured generation   total 27748K, used 16853K [0x00000000c0000000, 0x00000000c1b19000, 0x0000000100000000)
   the space 27748K,  60% used [0x00000000c0000000, 0x00000000c1075740, 0x00000000c1075800, 0x00000000c1b19000)
 Metaspace       used 36809K, capacity 37590K, committed 37848K, reserved 1081344K
  class space    used 5050K, capacity 5291K, committed 5376K, reserved 1048576K
}
Event: 43,774 GC heap before
{Heap before GC invocations=45 (full 2):
 def new generation   total 12672K, used 12672K [0x00000000a0000000, 0x00000000a0db0000, 0x00000000c0000000)
  eden space 11328K, 100% used [0x00000000a0000000, 0x00000000a0b10000, 0x00000000a0b10000)
  from space 1344K, 100% used [0x00000000a0c60000, 0x00000000a0db0000, 0x00000000a0db0000)
  to   space 1344K,   0% used [0x00000000a0b10000, 0x00000000a0b10000, 0x00000000a0c60000)
 tenured generation   total 27748K, used 16853K [0x00000000c0000000, 0x00000000c1b19000, 0x0000000100000000)
   the space 27748K,  60% used [0x00000000c0000000, 0x00000000c1075740, 0x00000000c1075800, 0x00000000c1b19000)
 Metaspace       used 38344K, capacity 39022K, committed 39256K, reserved 1083392K
  class space    used 5219K, capacity 5429K, committed 5504K, reserved 1048576K
Event: 43,828 GC heap after
Heap after GC invocations=46 (full 2):
 def new generation   total 12672K, used 1343K [0x00000000a0000000, 0x00000000a0db0000, 0x00000000c0000000)
  eden space 11328K,   0% used [0x00000000a0000000, 0x00000000a0000000, 0x00000000a0b10000)
  from space 1344K,  99% used [0x00000000a0b10000, 0x00000000a0c5fff0, 0x00000000a0c60000)
  to   space 1344K,   0% used [0x00000000a0c60000, 0x00000000a0c60000, 0x00000000a0db0000)
 tenured generation   total 27748K, used 17600K [0x00000000c0000000, 0x00000000c1b19000, 0x0000000100000000)
   the space 27748K,  63% used [0x00000000c0000000, 0x00000000c1130130, 0x00000000c1130200, 0x00000000c1b19000)
 Metaspace       used 38344K, capacity 39022K, committed 39256K, reserved 1083392K
  class space    used 5219K, capacity 5429K, committed 5504K, reserved 1048576K
}
Event: 45,133 GC heap before
{Heap before GC invocations=46 (full 2):
 def new generation   total 12672K, used 12671K [0x00000000a0000000, 0x00000000a0db0000, 0x00000000c0000000)
  eden space 11328K, 100% used [0x00000000a0000000, 0x00000000a0b10000, 0x00000000a0b10000)
  from space 1344K,  99% used [0x00000000a0b10000, 0x00000000a0c5fff0, 0x00000000a0c60000)
  to   space 1344K,   0% used [0x00000000a0c60000, 0x00000000a0c60000, 0x00000000a0db0000)
 tenured generation   total 27748K, used 17600K [0x00000000c0000000, 0x00000000c1b19000, 0x0000000100000000)
   the space 27748K,  63% used [0x00000000c0000000, 0x00000000c1130130, 0x00000000c1130200, 0x00000000c1b19000)
 Metaspace       used 39533K, capacity 40330K, committed 40536K, reserved 1083392K
  class space    used 5360K, capacity 5643K, committed 5760K, reserved 1048576K
Event: 45,162 GC heap after
Heap after GC invocations=47 (full 2):
 def new generation   total 12672K, used 1283K [0x00000000a0000000, 0x00000000a0db0000, 0x00000000c0000000)
  eden space 11328K,   0% used [0x00000000a0000000, 0x00000000a0000000, 0x00000000a0b10000)
  from space 1344K,  95% used [0x00000000a0c60000, 0x00000000a0da0f28, 0x00000000a0db0000)
  to   space 1344K,   0% used [0x00000000a0b10000, 0x00000000a0b10000, 0x00000000a0c60000)
 tenured generation   total 27748K, used 17827K [0x00000000c0000000, 0x00000000c1b19000, 0x0000000100000000)
   the space 27748K,  64% used [0x00000000c0000000, 0x00000000c1168c90, 0x00000000c1168e00, 0x00000000c1b19000)
 Metaspace       used 39533K, capacity 40330K, committed 40536K, reserved 1083392K
  class space    used 5360K, capacity 5643K, committed 5760K, reserved 1048576K
}
Event: 46,705 GC heap before
{Heap before GC invocations=47 (full 2):
 def new generation   total 12672K, used 12521K [0x00000000a0000000, 0x00000000a0db0000, 0x00000000c0000000)
  eden space 11328K,  99% used [0x00000000a0000000, 0x00000000a0af9518, 0x00000000a0b10000)
  from space 1344K,  95% used [0x00000000a0c60000, 0x00000000a0da0f28, 0x00000000a0db0000)
  to   space 1344K,   0% used [0x00000000a0b10000, 0x00000000a0b10000, 0x00000000a0c60000)
 tenured generation   total 27748K, used 17827K [0x00000000c0000000, 0x00000000c1b19000, 0x0000000100000000)
   the space 27748K,  64% used [0x00000000c0000000, 0x00000000c1168c90, 0x00000000c1168e00, 0x00000000c1b19000)
 Metaspace       used 40952K, capacity 41784K, committed 42200K, reserved 1085440K
  class space    used 5544K, capacity 5780K, committed 5888K, reserved 1048576K
Event: 46,723 GC heap after
Heap after GC invocations=48 (full 2):
 def new generation   total 12672K, used 1238K [0x00000000a0000000, 0x00000000a0db0000, 0x00000000c0000000)
  eden space 11328K,   0% used [0x00000000a0000000, 0x00000000a0000000, 0x00000000a0b10000)
  from space 1344K,  92% used [0x00000000a0b10000, 0x00000000a0c45b98, 0x00000000a0c60000)
  to   space 1344K,   0% used [0x00000000a0c60000, 0x00000000a0c60000, 0x00000000a0db0000)
 tenured generation   total 27748K, used 18101K [0x00000000c0000000, 0x00000000c1b19000, 0x0000000100000000)
   the space 27748K,  65% used [0x00000000c0000000, 0x00000000c11ad610, 0x00000000c11ad800, 0x00000000c1b19000)
 Metaspace       used 40952K, capacity 41784K, committed 42200K, reserved 1085440K
  class space    used 5544K, capacity 5780K, committed 5888K, reserved 1048576K
}

