# JRE version: OpenJDK Runtime Environment (8.0_212-b03) (build 1.8.0_212-8u212-b03-0ubuntu1.16.04.1-b03)
# Java VM: OpenJDK 64-Bit Server VM (25.212-b03 mixed mode linux-amd64 compressed oops)
Heap:
 def new generation   total 14912K, used 8758K [0x00000000a0000000, 0x00000000a1020000, 0x00000000c0000000)
  eden space 13312K,  58% used [0x00000000a0000000, 0x00000000a07a4d10, 0x00000000a0d00000)
  from space 1600K,  58% used [0x00000000a0e90000, 0x00000000a0f78de0, 0x00000000a1020000)
  to   space 1600K,   0% used [0x00000000a0d00000, 0x00000000a0d00000, 0x00000000a0e90000)
 tenured generation   total 32768K, used 18402K [0x00000000c0000000, 0x00000000c2000000, 0x0000000100000000)
   the space 32768K,  56% used [0x00000000c0000000, 0x00000000c11f89c0, 0x00000000c11f8a00, 0x00000000c2000000)
 Metaspace       used 40962K, capacity 41784K, committed 42200K, reserved 1085440K
  class space    used 5549K, capacity 5780K, committed 5888K, reserved 1048576K
GC Heap History (10 events):
Event: 33,709 GC heap before
{Heap before GC invocations=27 (full 1):
 def new generation   total 14912K, used 14507K [0x00000000a0000000, 0x00000000a1020000, 0x00000000c0000000)
  eden space 13312K, 100% used [0x00000000a0000000, 0x00000000a0d00000, 0x00000000a0d00000)
  from space 1600K,  74% used [0x00000000a0e90000, 0x00000000a0fbae28, 0x00000000a1020000)
  to   space 1600K,   0% used [0x00000000a0d00000, 0x00000000a0d00000, 0x00000000a0e90000)
 tenured generation   total 32768K, used 16147K [0x00000000c0000000, 0x00000000c2000000, 0x0000000100000000)
   the space 32768K,  49% used [0x00000000c0000000, 0x00000000c0fc4da8, 0x00000000c0fc4e00, 0x00000000c2000000)
 Metaspace       used 33740K, capacity 34354K, committed 34560K, reserved 1079296K
  class space    used 4644K, capacity 4827K, committed 4864K, reserved 1048576K
Event: 33,735 GC heap after
Heap after GC invocations=28 (full 1):
 def new generation   total 14912K, used 1527K [0x00000000a0000000, 0x00000000a1020000, 0x00000000c0000000)
  eden space 13312K,   0% used [0x00000000a0000000, 0x00000000a0000000, 0x00000000a0d00000)
  from space 1600K,  95% used [0x00000000a0d00000, 0x00000000a0e7dd18, 0x00000000a0e90000)
  to   space 1600K,   0% used [0x00000000a0e90000, 0x00000000a0e90000, 0x00000000a1020000)
 tenured generation   total 32768K, used 16940K [0x00000000c0000000, 0x00000000c2000000, 0x0000000100000000)
   the space 32768K,  51% used [0x00000000c0000000, 0x00000000c108b2c8, 0x00000000c108b400, 0x00000000c2000000)
 Metaspace       used 33740K, capacity 34354K, committed 34560K, reserved 1079296K
  class space    used 4644K, capacity 4827K, committed 4864K, reserved 1048576K
}
Event: 34,611 GC heap before
{Heap before GC invocations=28 (full 1):
 def new generation   total 14912K, used 10217K [0x00000000a0000000, 0x00000000a1020000, 0x00000000c0000000)
  eden space 13312K,  65% used [0x00000000a0000000, 0x00000000a087c8e0, 0x00000000a0d00000)
  from space 1600K,  95% used [0x00000000a0d00000, 0x00000000a0e7dd18, 0x00000000a0e90000)
  to   space 1600K,   0% used [0x00000000a0e90000, 0x00000000a0e90000, 0x00000000a1020000)
 tenured generation   total 32768K, used 16940K [0x00000000c0000000, 0x00000000c2000000, 0x0000000100000000)
   the space 32768K,  51% used [0x00000000c0000000, 0x00000000c108b2c8, 0x00000000c108b400, 0x00000000c2000000)
 Metaspace       used 34679K, capacity 35250K, committed 35416K, reserved 1079296K
  class space    used 4752K, capacity 4936K, committed 4992K, reserved 1048576K
Event: 34,938 GC heap after
Heap after GC invocations=29 (full 2):
 def new generation   total 14912K, used 0K [0x00000000a0000000, 0x00000000a1020000, 0x00000000c0000000)
  eden space 13312K,   0% used [0x00000000a0000000, 0x00000000a0000000, 0x00000000a0d00000)
  from space 1600K,   0% used [0x00000000a0d00000, 0x00000000a0d00000, 0x00000000a0e90000)
  to   space 1600K,   0% used [0x00000000a0e90000, 0x00000000a0e90000, 0x00000000a1020000)
 tenured generation   total 32768K, used 17063K [0x00000000c0000000, 0x00000000c2000000, 0x0000000100000000)
   the space 32768K,  52% used [0x00000000c0000000, 0x00000000c10a9f00, 0x00000000c10aa000, 0x00000000c2000000)
 Metaspace       used 34679K, capacity 35250K, committed 35416K, reserved 1079296K
  class space    used 4752K, capacity 4936K, committed 4992K, reserved 1048576K
}
Event: 36,882 GC heap before
{Heap before GC invocations=29 (full 2):
 def new generation   total 14912K, used 13312K [0x00000000a0000000, 0x00000000a1020000, 0x00000000c0000000)
  eden space 13312K, 100% used [0x00000000a0000000, 0x00000000a0d00000, 0x00000000a0d00000)
  from space 1600K,   0% used [0x00000000a0d00000, 0x00000000a0d00000, 0x00000000a0e90000)
  to   space 1600K,   0% used [0x00000000a0e90000, 0x00000000a0e90000, 0x00000000a1020000)
 tenured generation   total 32768K, used 17063K [0x00000000c0000000, 0x00000000c2000000, 0x0000000100000000)
   the space 32768K,  52% used [0x00000000c0000000, 0x00000000c10a9f00, 0x00000000c10aa000, 0x00000000c2000000)
 Metaspace       used 37073K, capacity 37788K, committed 38104K, reserved 1081344K
  class space    used 5091K, capacity 5292K, committed 5376K, reserved 1048576K
Event: 36,903 GC heap after
Heap after GC invocations=30 (full 2):
 def new generation   total 14912K, used 1599K [0x00000000a0000000, 0x00000000a1020000, 0x00000000c0000000)
  eden space 13312K,   0% used [0x00000000a0000000, 0x00000000a0000000, 0x00000000a0d00000)
  from space 1600K,  99% used [0x00000000a0e90000, 0x00000000a101fff8, 0x00000000a1020000)
  to   space 1600K,   0% used [0x00000000a0d00000, 0x00000000a0d00000, 0x00000000a0e90000)
 tenured generation   total 32768K, used 17188K [0x00000000c0000000, 0x00000000c2000000, 0x0000000100000000)
   the space 32768K,  52% used [0x00000000c0000000, 0x00000000c10c93c0, 0x00000000c10c9400, 0x00000000c2000000)
 Metaspace       used 37073K, capacity 37788K, committed 38104K, reserved 1081344K
  class space    used 5091K, capacity 5292K, committed 5376K, reserved 1048576K
}
Event: 38,232 GC heap before
{Heap before GC invocations=30 (full 2):
 def new generation   total 14912K, used 14911K [0x00000000a0000000, 0x00000000a1020000, 0x00000000c0000000)
  eden space 13312K, 100% used [0x00000000a0000000, 0x00000000a0d00000, 0x00000000a0d00000)
  from space 1600K,  99% used [0x00000000a0e90000, 0x00000000a101fff8, 0x00000000a1020000)
  to   space 1600K,   0% used [0x00000000a0d00000, 0x00000000a0d00000, 0x00000000a0e90000)
 tenured generation   total 32768K, used 17188K [0x00000000c0000000, 0x00000000c2000000, 0x0000000100000000)
   the space 32768K,  52% used [0x00000000c0000000, 0x00000000c10c93c0, 0x00000000c10c9400, 0x00000000c2000000)
 Metaspace       used 39073K, capacity 39792K, committed 40152K, reserved 1083392K
  class space    used 5293K, capacity 5532K, committed 5632K, reserved 1048576K
Event: 38,255 GC heap after
Heap after GC invocations=31 (full 2):
 def new generation   total 14912K, used 1600K [0x00000000a0000000, 0x00000000a1020000, 0x00000000c0000000)
  eden space 13312K,   0% used [0x00000000a0000000, 0x00000000a0000000, 0x00000000a0d00000)
  from space 1600K, 100% used [0x00000000a0d00000, 0x00000000a0e90000, 0x00000000a0e90000)
  to   space 1600K,   0% used [0x00000000a0e90000, 0x00000000a0e90000, 0x00000000a1020000)
 tenured generation   total 32768K, used 18130K [0x00000000c0000000, 0x00000000c2000000, 0x0000000100000000)
   the space 32768K,  55% used [0x00000000c0000000, 0x00000000c11b4840, 0x00000000c11b4a00, 0x00000000c2000000)
 Metaspace       used 39073K, capacity 39792K, committed 40152K, reserved 1083392K
  class space    used 5293K, capacity 5532K, committed 5632K, reserved 1048576K
}
Event: 39,518 GC heap before
{Heap before GC invocations=31 (full 2):
 def new generation   total 14912K, used 14912K [0x00000000a0000000, 0x00000000a1020000, 0x00000000c0000000)
  eden space 13312K, 100% used [0x00000000a0000000, 0x00000000a0d00000, 0x00000000a0d00000)
  from space 1600K, 100% used [0x00000000a0d00000, 0x00000000a0e90000, 0x00000000a0e90000)
  to   space 1600K,   0% used [0x00000000a0e90000, 0x00000000a0e90000, 0x00000000a1020000)
 tenured generation   total 32768K, used 18130K [0x00000000c0000000, 0x00000000c2000000, 0x0000000100000000)
   the space 32768K,  55% used [0x00000000c0000000, 0x00000000c11b4840, 0x00000000c11b4a00, 0x00000000c2000000)
 Metaspace       used 39968K, capacity 40856K, committed 41048K, reserved 1085440K
  class space    used 5436K, capacity 5684K, committed 5760K, reserved 1048576K
Event: 39,536 GC heap after
Heap after GC invocations=32 (full 2):
 def new generation   total 14912K, used 931K [0x00000000a0000000, 0x00000000a1020000, 0x00000000c0000000)
  eden space 13312K,   0% used [0x00000000a0000000, 0x00000000a0000000, 0x00000000a0d00000)
  from space 1600K,  58% used [0x00000000a0e90000, 0x00000000a0f78de0, 0x00000000a1020000)
  to   space 1600K,   0% used [0x00000000a0d00000, 0x00000000a0d00000, 0x00000000a0e90000)
 tenured generation   total 32768K, used 18402K [0x00000000c0000000, 0x00000000c2000000, 0x0000000100000000)
   the space 32768K,  56% used [0x00000000c0000000, 0x00000000c11f89c0, 0x00000000c11f8a00, 0x00000000c2000000)
 Metaspace       used 39968K, capacity 40856K, committed 41048K, reserved 1085440K
  class space    used 5436K, capacity 5684K, committed 5760K, reserved 1048576K
}

