# JRE version: OpenJDK Runtime Environment (8.0_212-b03) (build 1.8.0_212-8u212-b03-0ubuntu1.16.04.1-b03)
# Java VM: OpenJDK 64-Bit Server VM (25.212-b03 mixed mode linux-amd64 compressed oops)
Heap:
 def new generation   total 12608K, used 3749K [0x00000000a0000000, 0x00000000a0da0000, 0x00000000c0000000)
  eden space 11264K,  23% used [0x00000000a0000000, 0x00000000a02888b8, 0x00000000a0b00000)
  from space 1344K,  85% used [0x00000000a0b00000, 0x00000000a0c20d48, 0x00000000a0c50000)
  to   space 1344K,   0% used [0x00000000a0c50000, 0x00000000a0c50000, 0x00000000a0da0000)
 tenured generation   total 27700K, used 18108K [0x00000000c0000000, 0x00000000c1b0d000, 0x0000000100000000)
   the space 27700K,  65% used [0x00000000c0000000, 0x00000000c11af268, 0x00000000c11af400, 0x00000000c1b0d000)
 Metaspace       used 40950K, capacity 41784K, committed 42200K, reserved 1085440K
  class space    used 5551K, capacity 5780K, committed 5888K, reserved 1048576K
GC Heap History (10 events):
Event: 52,667 GC heap before
{Heap before GC invocations=43 (full 1):
 def new generation   total 9984K, used 2811K [0x00000000a0000000, 0x00000000a0ad0000, 0x00000000c0000000)
  eden space 8896K,  19% used [0x00000000a0000000, 0x00000000a01af6b0, 0x00000000a08b0000)
  from space 1088K,  99% used [0x00000000a08b0000, 0x00000000a09bf8e0, 0x00000000a09c0000)
  to   space 1088K,   0% used [0x00000000a09c0000, 0x00000000a09c0000, 0x00000000a0ad0000)
 tenured generation   total 21888K, used 17661K [0x00000000c0000000, 0x00000000c1560000, 0x0000000100000000)
   the space 21888K,  80% used [0x00000000c0000000, 0x00000000c113f560, 0x00000000c113f600, 0x00000000c1560000)
 Metaspace       used 34581K, capacity 35234K, committed 35416K, reserved 1079296K
  class space    used 4743K, capacity 4932K, committed 4992K, reserved 1048576K
Event: 52,889 GC heap after
Heap after GC invocations=44 (full 2):
 def new generation   total 12608K, used 0K [0x00000000a0000000, 0x00000000a0da0000, 0x00000000c0000000)
  eden space 11264K,   0% used [0x00000000a0000000, 0x00000000a0000000, 0x00000000a0b00000)
  from space 1344K,   0% used [0x00000000a0b00000, 0x00000000a0b00000, 0x00000000a0c50000)
  to   space 1344K,   0% used [0x00000000a0c50000, 0x00000000a0c50000, 0x00000000a0da0000)
 tenured generation   total 27700K, used 16618K [0x00000000c0000000, 0x00000000c1b0d000, 0x0000000100000000)
   the space 27700K,  59% used [0x00000000c0000000, 0x00000000c103ab78, 0x00000000c103ac00, 0x00000000c1b0d000)
 Metaspace       used 34581K, capacity 35234K, committed 35416K, reserved 1079296K
  class space    used 4743K, capacity 4932K, committed 4992K, reserved 1048576K
}
Event: 54,578 GC heap before
{Heap before GC invocations=44 (full 2):
 def new generation   total 12608K, used 11264K [0x00000000a0000000, 0x00000000a0da0000, 0x00000000c0000000)
  eden space 11264K, 100% used [0x00000000a0000000, 0x00000000a0b00000, 0x00000000a0b00000)
  from space 1344K,   0% used [0x00000000a0b00000, 0x00000000a0b00000, 0x00000000a0c50000)
  to   space 1344K,   0% used [0x00000000a0c50000, 0x00000000a0c50000, 0x00000000a0da0000)
 tenured generation   total 27700K, used 16618K [0x00000000c0000000, 0x00000000c1b0d000, 0x0000000100000000)
   the space 27700K,  59% used [0x00000000c0000000, 0x00000000c103ab78, 0x00000000c103ac00, 0x00000000c1b0d000)
 Metaspace       used 36802K, capacity 37590K, committed 37848K, reserved 1081344K
  class space    used 5053K, capacity 5291K, committed 5376K, reserved 1048576K
Event: 54,596 GC heap after
Heap after GC invocations=45 (full 2):
 def new generation   total 12608K, used 1343K [0x00000000a0000000, 0x00000000a0da0000, 0x00000000c0000000)
  eden space 11264K,   0% used [0x00000000a0000000, 0x00000000a0000000, 0x00000000a0b00000)
  from space 1344K,  99% used [0x00000000a0c50000, 0x00000000a0d9fff0, 0x00000000a0da0000)
  to   space 1344K,   0% used [0x00000000a0b00000, 0x00000000a0b00000, 0x00000000a0c50000)
 tenured generation   total 27700K, used 16821K [0x00000000c0000000, 0x00000000c1b0d000, 0x0000000100000000)
   the space 27700K,  60% used [0x00000000c0000000, 0x00000000c106d778, 0x00000000c106d800, 0x00000000c1b0d000)
 Metaspace       used 36802K, capacity 37590K, committed 37848K, reserved 1081344K
  class space    used 5053K, capacity 5291K, committed 5376K, reserved 1048576K
}
Event: 55,503 GC heap before
{Heap before GC invocations=45 (full 2):
 def new generation   total 12608K, used 12607K [0x00000000a0000000, 0x00000000a0da0000, 0x00000000c0000000)
  eden space 11264K, 100% used [0x00000000a0000000, 0x00000000a0b00000, 0x00000000a0b00000)
  from space 1344K,  99% used [0x00000000a0c50000, 0x00000000a0d9fff0, 0x00000000a0da0000)
  to   space 1344K,   0% used [0x00000000a0b00000, 0x00000000a0b00000, 0x00000000a0c50000)
 tenured generation   total 27700K, used 16821K [0x00000000c0000000, 0x00000000c1b0d000, 0x0000000100000000)
   the space 27700K,  60% used [0x00000000c0000000, 0x00000000c106d778, 0x00000000c106d800, 0x00000000c1b0d000)
 Metaspace       used 38306K, capacity 39054K, committed 39256K, reserved 1083392K
  class space    used 5223K, capacity 5461K, committed 5504K, reserved 1048576K
Event: 55,536 GC heap after
Heap after GC invocations=46 (full 2):
 def new generation   total 12608K, used 1343K [0x00000000a0000000, 0x00000000a0da0000, 0x00000000c0000000)
  eden space 11264K,   0% used [0x00000000a0000000, 0x00000000a0000000, 0x00000000a0b00000)
  from space 1344K,  99% used [0x00000000a0b00000, 0x00000000a0c4fff8, 0x00000000a0c50000)
  to   space 1344K,   0% used [0x00000000a0c50000, 0x00000000a0c50000, 0x00000000a0da0000)
 tenured generation   total 27700K, used 17568K [0x00000000c0000000, 0x00000000c1b0d000, 0x0000000100000000)
   the space 27700K,  63% used [0x00000000c0000000, 0x00000000c11280f0, 0x00000000c1128200, 0x00000000c1b0d000)
 Metaspace       used 38306K, capacity 39054K, committed 39256K, reserved 1083392K
  class space    used 5223K, capacity 5461K, committed 5504K, reserved 1048576K
}
Event: 56,634 GC heap before
{Heap before GC invocations=46 (full 2):
 def new generation   total 12608K, used 12607K [0x00000000a0000000, 0x00000000a0da0000, 0x00000000c0000000)
  eden space 11264K, 100% used [0x00000000a0000000, 0x00000000a0b00000, 0x00000000a0b00000)
  from space 1344K,  99% used [0x00000000a0b00000, 0x00000000a0c4fff8, 0x00000000a0c50000)
  to   space 1344K,   0% used [0x00000000a0c50000, 0x00000000a0c50000, 0x00000000a0da0000)
 tenured generation   total 27700K, used 17568K [0x00000000c0000000, 0x00000000c1b0d000, 0x0000000100000000)
   the space 27700K,  63% used [0x00000000c0000000, 0x00000000c11280f0, 0x00000000c1128200, 0x00000000c1b0d000)
 Metaspace       used 39530K, capacity 40394K, committed 40792K, reserved 1085440K
  class space    used 5365K, capacity 5643K, committed 5760K, reserved 1048576K
Event: 56,656 GC heap after
Heap after GC invocations=47 (full 2):
 def new generation   total 12608K, used 1202K [0x00000000a0000000, 0x00000000a0da0000, 0x00000000c0000000)
  eden space 11264K,   0% used [0x00000000a0000000, 0x00000000a0000000, 0x00000000a0b00000)
  from space 1344K,  89% used [0x00000000a0c50000, 0x00000000a0d7cb00, 0x00000000a0da0000)
  to   space 1344K,   0% used [0x00000000a0b00000, 0x00000000a0b00000, 0x00000000a0c50000)
 tenured generation   total 27700K, used 17845K [0x00000000c0000000, 0x00000000c1b0d000, 0x0000000100000000)
   the space 27700K,  64% used [0x00000000c0000000, 0x00000000c116d768, 0x00000000c116d800, 0x00000000c1b0d000)
 Metaspace       used 39530K, capacity 40394K, committed 40792K, reserved 1085440K
  class space    used 5365K, capacity 5643K, committed 5760K, reserved 1048576K
}
Event: 58,228 GC heap before
{Heap before GC invocations=47 (full 2):
 def new generation   total 12608K, used 12466K [0x00000000a0000000, 0x00000000a0da0000, 0x00000000c0000000)
  eden space 11264K, 100% used [0x00000000a0000000, 0x00000000a0b00000, 0x00000000a0b00000)
  from space 1344K,  89% used [0x00000000a0c50000, 0x00000000a0d7cb00, 0x00000000a0da0000)
  to   space 1344K,   0% used [0x00000000a0b00000, 0x00000000a0b00000, 0x00000000a0c50000)
 tenured generation   total 27700K, used 17845K [0x00000000c0000000, 0x00000000c1b0d000, 0x0000000100000000)
   the space 27700K,  64% used [0x00000000c0000000, 0x00000000c116d768, 0x00000000c116d800, 0x00000000c1b0d000)
 Metaspace       used 40950K, capacity 41784K, committed 42200K, reserved 1085440K
  class space    used 5551K, capacity 5780K, committed 5888K, reserved 1048576K
Event: 58,254 GC heap after
Heap after GC invocations=48 (full 2):
 def new generation   total 12608K, used 1155K [0x00000000a0000000, 0x00000000a0da0000, 0x00000000c0000000)
  eden space 11264K,   0% used [0x00000000a0000000, 0x00000000a0000000, 0x00000000a0b00000)
  from space 1344K,  85% used [0x00000000a0b00000, 0x00000000a0c20d48, 0x00000000a0c50000)
  to   space 1344K,   0% used [0x00000000a0c50000, 0x00000000a0c50000, 0x00000000a0da0000)
 tenured generation   total 27700K, used 18108K [0x00000000c0000000, 0x00000000c1b0d000, 0x0000000100000000)
   the space 27700K,  65% used [0x00000000c0000000, 0x00000000c11af268, 0x00000000c11af400, 0x00000000c1b0d000)
 Metaspace       used 40950K, capacity 41784K, committed 42200K, reserved 1085440K
  class space    used 5551K, capacity 5780K, committed 5888K, reserved 1048576K
}

